#! /c/Source/iverilog-install/bin/vvp
:ivl_version "12.0 (devel)" "(s20150603-1539-g2693dd32b)";
:ivl_delay_selection "TYPICAL";
:vpi_time_precision + 0;
:vpi_module "C:\iverilog\lib\ivl\system.vpi";
:vpi_module "C:\iverilog\lib\ivl\vhdl_sys.vpi";
:vpi_module "C:\iverilog\lib\ivl\vhdl_textio.vpi";
:vpi_module "C:\iverilog\lib\ivl\v2005_math.vpi";
:vpi_module "C:\iverilog\lib\ivl\va_math.vpi";
:vpi_module "C:\iverilog\lib\ivl\v2009.vpi";
S_000001722e516450 .scope package, "$unit" "$unit" 2 1;
 .timescale 0 0;
S_000001722e5165e0 .scope module, "apb_slave" "apb_slave" 3 1;
 .timescale 0 0;
    .port_info 0 /INPUT 1 "clk";
    .port_info 1 /INPUT 1 "reset_n";
    .port_info 2 /INPUT 1 "psel";
    .port_info 3 /INPUT 1 "penable";
    .port_info 4 /INPUT 32 "paddr";
    .port_info 5 /INPUT 1 "pwrite";
    .port_info 6 /INPUT 32 "pwdata";
    .port_info 7 /OUTPUT 32 "prdata";
    .port_info 8 /OUTPUT 1 "pready";
    .port_info 9 /OUTPUT 1 "pslverr";
o000001722e436fd8 .functor BUFZ 1, C4<z>; HiZ drive
v000001722e516820_0 .net "clk", 0 0, o000001722e436fd8;  0 drivers
v000001722e4343b0 .array "memory", 255 0, 31 0;
o000001722e437008 .functor BUFZ 32, C4<zzzzzzzzzzzzzzzzzzzzzzzzzzzzzzzz>; HiZ drive
v000001722e434450_0 .net "paddr", 31 0, o000001722e437008;  0 drivers
o000001722e437038 .functor BUFZ 1, C4<z>; HiZ drive
v000001722e4344f0_0 .net "penable", 0 0, o000001722e437038;  0 drivers
v000001722e434590_0 .var "prdata", 31 0;
v000001722e434630_0 .var "pready", 0 0;
o000001722e4370c8 .functor BUFZ 1, C4<z>; HiZ drive
v000001722e47bc40_0 .net "psel", 0 0, o000001722e4370c8;  0 drivers
v000001722e47bce0_0 .var "pslverr", 0 0;
o000001722e437128 .functor BUFZ 32, C4<zzzzzzzzzzzzzzzzzzzzzzzzzzzzzzzz>; HiZ drive
v000001722e47bd80_0 .net "pwdata", 31 0, o000001722e437128;  0 drivers
o000001722e437158 .functor BUFZ 1, C4<z>; HiZ drive
v000001722e47beb0_0 .net "pwrite", 0 0, o000001722e437158;  0 drivers
o000001722e437188 .functor BUFZ 1, C4<z>; HiZ drive
v000001722e47bf50_0 .net "reset_n", 0 0, o000001722e437188;  0 drivers
E_000001722e51c130/0 .event negedge, v000001722e47bf50_0;
E_000001722e51c130/1 .event posedge, v000001722e516820_0;
E_000001722e51c130 .event/or E_000001722e51c130/0, E_000001722e51c130/1;
    .scope S_000001722e5165e0;
T_0 ;
    %wait E_000001722e51c130;
    %load/vec4 v000001722e47bf50_0;
    %nor/r;
    %flag_set/vec4 8;
    %jmp/0xz  T_0.0, 8;
    %pushi/vec4 0, 0, 1;
    %assign/vec4 v000001722e434630_0, 0;
    %pushi/vec4 0, 0, 1;
    %assign/vec4 v000001722e47bce0_0, 0;
    %jmp T_0.1;
T_0.0 ;
    %load/vec4 v000001722e47bc40_0;
    %flag_set/vec4 9;
    %flag_get/vec4 9;
    %jmp/0 T_0.4, 9;
    %load/vec4 v000001722e4344f0_0;
    %and;
T_0.4;
    %flag_set/vec4 8;
    %jmp/0xz  T_0.2, 8;
    %load/vec4 v000001722e47beb0_0;
    %flag_set/vec4 8;
    %jmp/0xz  T_0.5, 8;
    %load/vec4 v000001722e47bd80_0;
    %ix/getv 3, v000001722e434450_0;
    %ix/load 4, 0, 0; Constant delay
    %assign/vec4/a/d v000001722e4343b0, 0, 4;
    %pushi/vec4 1, 0, 1;
    %assign/vec4 v000001722e434630_0, 0;
    %jmp T_0.6;
T_0.5 ;
    %ix/getv 4, v000001722e434450_0;
    %load/vec4a v000001722e4343b0, 4;
    %assign/vec4 v000001722e434590_0, 0;
    %pushi/vec4 1, 0, 1;
    %assign/vec4 v000001722e434630_0, 0;
T_0.6 ;
    %jmp T_0.3;
T_0.2 ;
    %pushi/vec4 0, 0, 1;
    %assign/vec4 v000001722e434630_0, 0;
T_0.3 ;
T_0.1 ;
    %jmp T_0;
    .thread T_0;
# The file index is used to find the file name in the following table.
:file_names 4;
    "N/A";
    "<interactive>";
    "-";
    "APB\apb_slave_dessign.sv";
