#! /c/Source/iverilog-install/bin/vvp
:ivl_version "12.0 (devel)" "(s20150603-1539-g2693dd32b)";
:ivl_delay_selection "TYPICAL";
:vpi_time_precision + 0;
:vpi_module "C:\iverilog\lib\ivl\system.vpi";
:vpi_module "C:\iverilog\lib\ivl\vhdl_sys.vpi";
:vpi_module "C:\iverilog\lib\ivl\vhdl_textio.vpi";
:vpi_module "C:\iverilog\lib\ivl\v2005_math.vpi";
:vpi_module "C:\iverilog\lib\ivl\va_math.vpi";
:vpi_module "C:\iverilog\lib\ivl\v2009.vpi";
S_000002231d7d6450 .scope package, "$unit" "$unit" 2 1;
 .timescale 0 0;
S_000002231d7d65e0 .scope module, "apb_master" "apb_master" 3 1;
 .timescale 0 0;
    .port_info 0 /INPUT 1 "clk";
    .port_info 1 /INPUT 1 "rst";
    .port_info 2 /INPUT 1 "psel";
    .port_info 3 /INPUT 1 "pen";
    .port_info 4 /INPUT 32 "paddr";
    .port_info 5 /INPUT 32 "pwdata";
    .port_info 6 /INPUT 32 "pwrite";
    .port_info 7 /OUTPUT 32 "prdata";
    .port_info 8 /OUTPUT 1 "pready";
    .port_info 9 /OUTPUT 1 "pslverr";
P_000002231d8157f0 .param/l "ACCESS" 0 3 16, C4<100>;
P_000002231d815828 .param/l "IDLE" 0 3 14, C4<000>;
P_000002231d815860 .param/l "SETUP" 0 3 15, C4<010>;
o000002231d82afd8 .functor BUFZ 1, C4<z>; HiZ drive
v000002231d7d6820_0 .net "clk", 0 0, o000002231d82afd8;  0 drivers
v000002231d871c50 .array "memory", 0 31, 31 0;
v000002231d871e00_0 .var "ns", 1 0;
o000002231d82b638 .functor BUFZ 32, C4<zzzzzzzzzzzzzzzzzzzzzzzzzzzzzzzz>; HiZ drive
v000002231d871ea0_0 .net "paddr", 31 0, o000002231d82b638;  0 drivers
o000002231d82b668 .functor BUFZ 1, C4<z>; HiZ drive
v000002231d871f40_0 .net "pen", 0 0, o000002231d82b668;  0 drivers
v000002231d871fe0_0 .var "prdata", 31 0;
v000002231d872080_0 .var "pready", 0 0;
v000002231d872120_0 .var "ps", 1 0;
o000002231d82b728 .functor BUFZ 1, C4<z>; HiZ drive
v000002231d8721c0_0 .net "psel", 0 0, o000002231d82b728;  0 drivers
v000002231d872260_0 .var "pslverr", 0 0;
o000002231d82b788 .functor BUFZ 32, C4<zzzzzzzzzzzzzzzzzzzzzzzzzzzzzzzz>; HiZ drive
v000002231d872300_0 .net "pwdata", 31 0, o000002231d82b788;  0 drivers
o000002231d82b7b8 .functor BUFZ 32, C4<zzzzzzzzzzzzzzzzzzzzzzzzzzzzzzzz>; HiZ drive
v000002231d8723a0_0 .net "pwrite", 31 0, o000002231d82b7b8;  0 drivers
o000002231d82b7e8 .functor BUFZ 1, C4<z>; HiZ drive
v000002231d872850_0 .net "rst", 0 0, o000002231d82b7e8;  0 drivers
E_000002231d829050/0 .event anyedge, v000002231d872120_0, v000002231d8721c0_0, v000002231d871f40_0, v000002231d8723a0_0;
v000002231d871c50_0 .array/port v000002231d871c50, 0;
v000002231d871c50_1 .array/port v000002231d871c50, 1;
E_000002231d829050/1 .event anyedge, v000002231d872300_0, v000002231d871ea0_0, v000002231d871c50_0, v000002231d871c50_1;
v000002231d871c50_2 .array/port v000002231d871c50, 2;
v000002231d871c50_3 .array/port v000002231d871c50, 3;
v000002231d871c50_4 .array/port v000002231d871c50, 4;
v000002231d871c50_5 .array/port v000002231d871c50, 5;
E_000002231d829050/2 .event anyedge, v000002231d871c50_2, v000002231d871c50_3, v000002231d871c50_4, v000002231d871c50_5;
v000002231d871c50_6 .array/port v000002231d871c50, 6;
v000002231d871c50_7 .array/port v000002231d871c50, 7;
v000002231d871c50_8 .array/port v000002231d871c50, 8;
v000002231d871c50_9 .array/port v000002231d871c50, 9;
E_000002231d829050/3 .event anyedge, v000002231d871c50_6, v000002231d871c50_7, v000002231d871c50_8, v000002231d871c50_9;
v000002231d871c50_10 .array/port v000002231d871c50, 10;
v000002231d871c50_11 .array/port v000002231d871c50, 11;
v000002231d871c50_12 .array/port v000002231d871c50, 12;
v000002231d871c50_13 .array/port v000002231d871c50, 13;
E_000002231d829050/4 .event anyedge, v000002231d871c50_10, v000002231d871c50_11, v000002231d871c50_12, v000002231d871c50_13;
v000002231d871c50_14 .array/port v000002231d871c50, 14;
v000002231d871c50_15 .array/port v000002231d871c50, 15;
v000002231d871c50_16 .array/port v000002231d871c50, 16;
v000002231d871c50_17 .array/port v000002231d871c50, 17;
E_000002231d829050/5 .event anyedge, v000002231d871c50_14, v000002231d871c50_15, v000002231d871c50_16, v000002231d871c50_17;
v000002231d871c50_18 .array/port v000002231d871c50, 18;
v000002231d871c50_19 .array/port v000002231d871c50, 19;
v000002231d871c50_20 .array/port v000002231d871c50, 20;
v000002231d871c50_21 .array/port v000002231d871c50, 21;
E_000002231d829050/6 .event anyedge, v000002231d871c50_18, v000002231d871c50_19, v000002231d871c50_20, v000002231d871c50_21;
v000002231d871c50_22 .array/port v000002231d871c50, 22;
v000002231d871c50_23 .array/port v000002231d871c50, 23;
v000002231d871c50_24 .array/port v000002231d871c50, 24;
v000002231d871c50_25 .array/port v000002231d871c50, 25;
E_000002231d829050/7 .event anyedge, v000002231d871c50_22, v000002231d871c50_23, v000002231d871c50_24, v000002231d871c50_25;
v000002231d871c50_26 .array/port v000002231d871c50, 26;
v000002231d871c50_27 .array/port v000002231d871c50, 27;
v000002231d871c50_28 .array/port v000002231d871c50, 28;
v000002231d871c50_29 .array/port v000002231d871c50, 29;
E_000002231d829050/8 .event anyedge, v000002231d871c50_26, v000002231d871c50_27, v000002231d871c50_28, v000002231d871c50_29;
v000002231d871c50_30 .array/port v000002231d871c50, 30;
v000002231d871c50_31 .array/port v000002231d871c50, 31;
E_000002231d829050/9 .event anyedge, v000002231d871c50_30, v000002231d871c50_31;
E_000002231d829050 .event/or E_000002231d829050/0, E_000002231d829050/1, E_000002231d829050/2, E_000002231d829050/3, E_000002231d829050/4, E_000002231d829050/5, E_000002231d829050/6, E_000002231d829050/7, E_000002231d829050/8, E_000002231d829050/9;
E_000002231d828810 .event posedge, v000002231d7d6820_0;
    .scope S_000002231d7d65e0;
T_0 ;
    %wait E_000002231d828810;
    %load/vec4 v000002231d872850_0;
    %nor/r;
    %flag_set/vec4 8;
    %jmp/0xz  T_0.0, 8;
    %pushi/vec4 0, 0, 2;
    %assign/vec4 v000002231d872120_0, 0;
    %jmp T_0.1;
T_0.0 ;
    %load/vec4 v000002231d871e00_0;
    %assign/vec4 v000002231d872120_0, 0;
T_0.1 ;
    %jmp T_0;
    .thread T_0;
    .scope S_000002231d7d65e0;
T_1 ;
    %wait E_000002231d829050;
    %load/vec4 v000002231d872120_0;
    %pad/u 3;
    %dup/vec4;
    %pushi/vec4 0, 0, 3;
    %cmp/u;
    %jmp/1 T_1.0, 6;
    %dup/vec4;
    %pushi/vec4 2, 0, 3;
    %cmp/u;
    %jmp/1 T_1.1, 6;
    %dup/vec4;
    %pushi/vec4 4, 0, 3;
    %cmp/u;
    %jmp/1 T_1.2, 6;
    %jmp T_1.3;
T_1.0 ;
    %load/vec4 v000002231d8721c0_0;
    %nor/r;
    %flag_set/vec4 8;
    %jmp/0xz  T_1.4, 8;
    %pushi/vec4 0, 0, 2;
    %assign/vec4 v000002231d871e00_0, 0;
    %jmp T_1.5;
T_1.4 ;
    %pushi/vec4 0, 0, 2;
    %assign/vec4 v000002231d871e00_0, 0;
T_1.5 ;
    %jmp T_1.3;
T_1.1 ;
    %load/vec4 v000002231d8721c0_0;
    %flag_set/vec4 9;
    %flag_get/vec4 9;
    %jmp/0 T_1.8, 9;
    %load/vec4 v000002231d871f40_0;
    %and;
T_1.8;
    %flag_set/vec4 8;
    %jmp/0xz  T_1.6, 8;
    %pushi/vec4 0, 0, 2;
    %assign/vec4 v000002231d871e00_0, 0;
    %pushi/vec4 1, 0, 1;
    %store/vec4 v000002231d872080_0, 0, 1;
    %load/vec4 v000002231d8723a0_0;
    %cmpi/ne 0, 0, 32;
    %jmp/0xz  T_1.9, 4;
    %load/vec4 v000002231d872300_0;
    %ix/getv 3, v000002231d871ea0_0;
    %ix/load 4, 0, 0; Constant delay
    %assign/vec4/a/d v000002231d871c50, 0, 4;
    %pushi/vec4 1, 0, 1;
    %assign/vec4 v000002231d872080_0, 0;
    %jmp T_1.10;
T_1.9 ;
    %ix/getv 4, v000002231d871ea0_0;
    %load/vec4a v000002231d871c50, 4;
    %assign/vec4 v000002231d871fe0_0, 0;
    %pushi/vec4 1, 0, 1;
    %assign/vec4 v000002231d872080_0, 0;
T_1.10 ;
T_1.6 ;
    %jmp T_1.3;
T_1.2 ;
    %load/vec4 v000002231d8721c0_0;
    %nor/r;
    %flag_set/vec4 9;
    %flag_get/vec4 9;
    %jmp/0 T_1.13, 9;
    %load/vec4 v000002231d871f40_0;
    %nor/r;
    %and;
T_1.13;
    %flag_set/vec4 8;
    %jmp/0xz  T_1.11, 8;
    %pushi/vec4 0, 0, 2;
    %assign/vec4 v000002231d871e00_0, 0;
    %pushi/vec4 0, 0, 1;
    %assign/vec4 v000002231d872080_0, 0;
    %pushi/vec4 0, 0, 32;
    %assign/vec4 v000002231d871fe0_0, 0;
T_1.11 ;
    %jmp T_1.3;
T_1.3 ;
    %pop/vec4 1;
    %jmp T_1;
    .thread T_1, $push;
# The file index is used to find the file name in the following table.
:file_names 4;
    "N/A";
    "<interactive>";
    "-";
    "APB\apb_master_design.sv";
